# JRE version: OpenJDK Runtime Environment (21.0.10) (build 21.0.10+-14961533-b1163.108)
# Java VM: OpenJDK 64-Bit Server VM (21.0.10+-14961533-b1163.108, mixed mode, tiered, compressed oops, compressed class ptrs, g1 gc, windows-amd64)
GC Precious Log:
 CardTable entry size: 512
 Card Set container configuration: InlinePtr #cards 5 size 8 Array Of Cards #cards 12 size 40 Howl #buckets 4 coarsen threshold 1843 Howl Bitmap #cards 512 size 80 coarsen threshold 460 Card regions per heap region 1 cards per card region 2048
 CPUs: 12 total, 12 available
 Memory: 7501M
 Large Page Support: Disabled
 NUMA Support: Disabled
 Compressed Oops: Enabled (32-bit)
 Heap Region Size: 1M
 Heap Min Capacity: 8M
 Heap Initial Capacity: 118M
 Heap Max Capacity: 2G
 Pre-touch: Disabled
 Parallel Workers: 10
 Concurrent Workers: 3
 Concurrent Refinement Workers: 10
 Periodic GC: Disabled
Heap:
 garbage-first heap   total 91136K, used 49250K [0x0000000080000000, 0x0000000100000000)
  region size 1024K, 16 young (16384K), 4 survivors (4096K)
 Metaspace       used 55102K, committed 56640K, reserved 1114112K
  class space    used 7767K, committed 8512K, reserved 1048576K
GC Heap History (20 events):
Event: 1.110 GC heap before
{Heap before GC invocations=1 (full 0):
 garbage-first heap   total 120832K, used 41280K [0x0000000080000000, 0x0000000100000000)
  region size 1024K, 38 young (38912K), 2 survivors (2048K)
 Metaspace       used 11799K, committed 11968K, reserved 1114112K
  class space    used 1268K, committed 1344K, reserved 1048576K
}
Event: 1.117 GC heap after
{Heap after GC invocations=2 (full 0):
 garbage-first heap   total 120832K, used 11429K [0x0000000080000000, 0x0000000100000000)
  region size 1024K, 5 young (5120K), 5 survivors (5120K)
 Metaspace       used 11799K, committed 11968K, reserved 1114112K
  class space    used 1268K, committed 1344K, reserved 1048576K
}
Event: 1.475 GC heap before
{Heap before GC invocations=2 (full 0):
 garbage-first heap   total 120832K, used 77989K [0x0000000080000000, 0x0000000100000000)
  region size 1024K, 70 young (71680K), 5 survivors (5120K)
 Metaspace       used 12800K, committed 12992K, reserved 1114112K
  class space    used 1397K, committed 1472K, reserved 1048576K
}
Event: 1.481 GC heap after
{Heap after GC invocations=3 (full 0):
 garbage-first heap   total 120832K, used 12422K [0x0000000080000000, 0x0000000100000000)
  region size 1024K, 6 young (6144K), 6 survivors (6144K)
 Metaspace       used 12800K, committed 12992K, reserved 1114112K
  class space    used 1397K, committed 1472K, reserved 1048576K
}
Event: 2.340 GC heap before
{Heap before GC invocations=3 (full 0):
 garbage-first heap   total 120832K, used 80006K [0x0000000080000000, 0x0000000100000000)
  region size 1024K, 70 young (71680K), 6 survivors (6144K)
 Metaspace       used 15976K, committed 16192K, reserved 1114112K
  class space    used 1829K, committed 1920K, reserved 1048576K
}
Event: 2.350 GC heap after
{Heap after GC invocations=4 (full 0):
 garbage-first heap   total 120832K, used 19078K [0x0000000080000000, 0x0000000100000000)
  region size 1024K, 7 young (7168K), 7 survivors (7168K)
 Metaspace       used 15976K, committed 16192K, reserved 1114112K
  class space    used 1829K, committed 1920K, reserved 1048576K
}
Event: 2.808 GC heap before
{Heap before GC invocations=4 (full 0):
 garbage-first heap   total 120832K, used 36486K [0x0000000080000000, 0x0000000100000000)
  region size 1024K, 25 young (25600K), 7 survivors (7168K)
 Metaspace       used 21180K, committed 21504K, reserved 1114112K
  class space    used 2472K, committed 2624K, reserved 1048576K
}
Event: 2.814 GC heap after
{Heap after GC invocations=5 (full 0):
 garbage-first heap   total 120832K, used 21389K [0x0000000080000000, 0x0000000100000000)
  region size 1024K, 3 young (3072K), 3 survivors (3072K)
 Metaspace       used 21180K, committed 21504K, reserved 1114112K
  class space    used 2472K, committed 2624K, reserved 1048576K
}
Event: 3.831 GC heap before
{Heap before GC invocations=6 (full 0):
 garbage-first heap   total 75776K, used 73613K [0x0000000080000000, 0x0000000100000000)
  region size 1024K, 53 young (54272K), 3 survivors (3072K)
 Metaspace       used 29997K, committed 30592K, reserved 1114112K
  class space    used 3742K, committed 4032K, reserved 1048576K
}
Event: 3.836 GC heap after
{Heap after GC invocations=7 (full 0):
 garbage-first heap   total 97280K, used 23704K [0x0000000080000000, 0x0000000100000000)
  region size 1024K, 5 young (5120K), 5 survivors (5120K)
 Metaspace       used 29997K, committed 30592K, reserved 1114112K
  class space    used 3742K, committed 4032K, reserved 1048576K
}
Event: 4.517 GC heap before
{Heap before GC invocations=7 (full 0):
 garbage-first heap   total 97280K, used 61592K [0x0000000080000000, 0x0000000100000000)
  region size 1024K, 43 young (44032K), 5 survivors (5120K)
 Metaspace       used 35234K, committed 35968K, reserved 1114112K
  class space    used 4616K, committed 4928K, reserved 1048576K
}
Event: 4.523 GC heap after
{Heap after GC invocations=8 (full 0):
 garbage-first heap   total 97280K, used 26104K [0x0000000080000000, 0x0000000100000000)
  region size 1024K, 6 young (6144K), 6 survivors (6144K)
 Metaspace       used 35234K, committed 35968K, reserved 1114112K
  class space    used 4616K, committed 4928K, reserved 1048576K
}
Event: 4.558 GC heap before
{Heap before GC invocations=8 (full 0):
 garbage-first heap   total 97280K, used 28152K [0x0000000080000000, 0x0000000100000000)
  region size 1024K, 9 young (9216K), 6 survivors (6144K)
 Metaspace       used 35543K, committed 36288K, reserved 1114112K
  class space    used 4671K, committed 5056K, reserved 1048576K
}
Event: 4.561 GC heap after
{Heap after GC invocations=9 (full 0):
 garbage-first heap   total 97280K, used 26551K [0x0000000080000000, 0x0000000100000000)
  region size 1024K, 3 young (3072K), 3 survivors (3072K)
 Metaspace       used 35543K, committed 36288K, reserved 1114112K
  class space    used 4671K, committed 5056K, reserved 1048576K
}
Event: 5.306 GC heap before
{Heap before GC invocations=10 (full 0):
 garbage-first heap   total 89088K, used 81847K [0x0000000080000000, 0x0000000100000000)
  region size 1024K, 57 young (58368K), 3 survivors (3072K)
 Metaspace       used 42503K, committed 43712K, reserved 1114112K
  class space    used 5895K, committed 6464K, reserved 1048576K
}
Event: 5.311 GC heap after
{Heap after GC invocations=11 (full 0):
 garbage-first heap   total 89088K, used 29357K [0x0000000080000000, 0x0000000100000000)
  region size 1024K, 6 young (6144K), 6 survivors (6144K)
 Metaspace       used 42503K, committed 43712K, reserved 1114112K
  class space    used 5895K, committed 6464K, reserved 1048576K
}
Event: 6.103 GC heap before
{Heap before GC invocations=11 (full 0):
 garbage-first heap   total 89088K, used 75437K [0x0000000080000000, 0x0000000100000000)
  region size 1024K, 52 young (53248K), 6 survivors (6144K)
 Metaspace       used 49980K, committed 51328K, reserved 1114112K
  class space    used 6918K, committed 7552K, reserved 1048576K
}
Event: 6.111 GC heap after
{Heap after GC invocations=12 (full 0):
 garbage-first heap   total 89088K, used 33643K [0x0000000080000000, 0x0000000100000000)
  region size 1024K, 7 young (7168K), 7 survivors (7168K)
 Metaspace       used 49980K, committed 51328K, reserved 1114112K
  class space    used 6918K, committed 7552K, reserved 1048576K
}
Event: 6.776 GC heap before
{Heap before GC invocations=12 (full 0):
 garbage-first heap   total 89088K, used 78699K [0x0000000080000000, 0x0000000100000000)
  region size 1024K, 51 young (52224K), 7 survivors (7168K)
 Metaspace       used 54960K, committed 56512K, reserved 1114112K
  class space    used 7761K, committed 8512K, reserved 1048576K
}
Event: 6.785 GC heap after
{Heap after GC invocations=13 (full 0):
 garbage-first heap   total 91136K, used 37986K [0x0000000080000000, 0x0000000100000000)
  region size 1024K, 4 young (4096K), 4 survivors (4096K)
 Metaspace       used 54960K, committed 56512K, reserved 1114112K
  class space    used 7761K, committed 8512K, reserved 1048576K
}

