# JRE version: OpenJDK Runtime Environment (21.0.10) (build 21.0.10+-14961533-b1163.108)
# Java VM: OpenJDK 64-Bit Server VM (21.0.10+-14961533-b1163.108, mixed mode, tiered, compressed oops, compressed class ptrs, g1 gc, windows-amd64)
GC Precious Log:
 CardTable entry size: 512
 Card Set container configuration: InlinePtr #cards 5 size 8 Array Of Cards #cards 12 size 40 Howl #buckets 4 coarsen threshold 1843 Howl Bitmap #cards 512 size 80 coarsen threshold 460 Card regions per heap region 1 cards per card region 2048
 CPUs: 12 total, 12 available
 Memory: 7501M
 Large Page Support: Disabled
 NUMA Support: Disabled
 Compressed Oops: Enabled (32-bit)
 Heap Region Size: 1M
 Heap Min Capacity: 8M
 Heap Initial Capacity: 118M
 Heap Max Capacity: 2G
 Pre-touch: Disabled
 Parallel Workers: 10
 Concurrent Workers: 3
 Concurrent Refinement Workers: 10
 Periodic GC: Disabled
Heap:
 garbage-first heap   total 112640K, used 75299K [0x0000000080000000, 0x0000000100000000)
  region size 1024K, 28 young (28672K), 4 survivors (4096K)
 Metaspace       used 76235K, committed 78144K, reserved 1179648K
  class space    used 10882K, committed 11776K, reserved 1048576K
GC Heap History (20 events):
Event: 3.909 GC heap before
{Heap before GC invocations=7 (full 0):
 garbage-first heap   total 91136K, used 70560K [0x0000000080000000, 0x0000000100000000)
  region size 1024K, 51 young (52224K), 5 survivors (5120K)
 Metaspace       used 35334K, committed 35968K, reserved 1114112K
  class space    used 4631K, committed 4928K, reserved 1048576K
}
Event: 3.916 GC heap after
{Heap after GC invocations=8 (full 0):
 garbage-first heap   total 91136K, used 25883K [0x0000000080000000, 0x0000000100000000)
  region size 1024K, 6 young (6144K), 6 survivors (6144K)
 Metaspace       used 35334K, committed 35968K, reserved 1114112K
  class space    used 4631K, committed 4928K, reserved 1048576K
}
Event: 3.954 GC heap before
{Heap before GC invocations=8 (full 0):
 garbage-first heap   total 91136K, used 27931K [0x0000000080000000, 0x0000000100000000)
  region size 1024K, 9 young (9216K), 6 survivors (6144K)
 Metaspace       used 35580K, committed 36288K, reserved 1114112K
  class space    used 4677K, committed 4992K, reserved 1048576K
}
Event: 3.959 GC heap after
{Heap after GC invocations=9 (full 0):
 garbage-first heap   total 91136K, used 26382K [0x0000000080000000, 0x0000000100000000)
  region size 1024K, 4 young (4096K), 4 survivors (4096K)
 Metaspace       used 35580K, committed 36288K, reserved 1114112K
  class space    used 4677K, committed 4992K, reserved 1048576K
}
Event: 4.696 GC heap before
{Heap before GC invocations=10 (full 0):
 garbage-first heap   total 91136K, used 76558K [0x0000000080000000, 0x0000000100000000)
  region size 1024K, 53 young (54272K), 4 survivors (4096K)
 Metaspace       used 42061K, committed 43200K, reserved 1114112K
  class space    used 5818K, committed 6336K, reserved 1048576K
}
Event: 4.701 GC heap after
{Heap after GC invocations=11 (full 0):
 garbage-first heap   total 91136K, used 28688K [0x0000000080000000, 0x0000000100000000)
  region size 1024K, 6 young (6144K), 6 survivors (6144K)
 Metaspace       used 42061K, committed 43200K, reserved 1114112K
  class space    used 5818K, committed 6336K, reserved 1048576K
}
Event: 5.588 GC heap before
{Heap before GC invocations=11 (full 0):
 garbage-first heap   total 91136K, used 75792K [0x0000000080000000, 0x0000000100000000)
  region size 1024K, 53 young (54272K), 6 survivors (6144K)
 Metaspace       used 49598K, committed 50944K, reserved 1114112K
  class space    used 6858K, committed 7488K, reserved 1048576K
}
Event: 5.596 GC heap after
{Heap after GC invocations=12 (full 0):
 garbage-first heap   total 91136K, used 33029K [0x0000000080000000, 0x0000000100000000)
  region size 1024K, 7 young (7168K), 7 survivors (7168K)
 Metaspace       used 49598K, committed 50944K, reserved 1114112K
  class space    used 6858K, committed 7488K, reserved 1048576K
}
Event: 6.259 GC heap before
{Heap before GC invocations=12 (full 0):
 garbage-first heap   total 91136K, used 80133K [0x0000000080000000, 0x0000000100000000)
  region size 1024K, 53 young (54272K), 7 survivors (7168K)
 Metaspace       used 54987K, committed 56512K, reserved 1114112K
  class space    used 7769K, committed 8512K, reserved 1048576K
}
Event: 6.268 GC heap after
{Heap after GC invocations=13 (full 0):
 garbage-first heap   total 93184K, used 37776K [0x0000000080000000, 0x0000000100000000)
  region size 1024K, 5 young (5120K), 5 survivors (5120K)
 Metaspace       used 54987K, committed 56512K, reserved 1114112K
  class space    used 7769K, committed 8512K, reserved 1048576K
}
Event: 6.799 GC heap before
{Heap before GC invocations=13 (full 0):
 garbage-first heap   total 93184K, used 82832K [0x0000000080000000, 0x0000000100000000)
  region size 1024K, 48 young (49152K), 5 survivors (5120K)
 Metaspace       used 56537K, committed 58176K, reserved 1114112K
  class space    used 7988K, committed 8768K, reserved 1048576K
}
Event: 6.804 GC heap after
{Heap after GC invocations=14 (full 0):
 garbage-first heap   total 93184K, used 43945K [0x0000000080000000, 0x0000000100000000)
  region size 1024K, 5 young (5120K), 5 survivors (5120K)
 Metaspace       used 56537K, committed 58176K, reserved 1114112K
  class space    used 7988K, committed 8768K, reserved 1048576K
}
Event: 7.145 GC heap before
{Heap before GC invocations=14 (full 0):
 garbage-first heap   total 93184K, used 81833K [0x0000000080000000, 0x0000000100000000)
  region size 1024K, 42 young (43008K), 5 survivors (5120K)
 Metaspace       used 58586K, committed 60224K, reserved 1114112K
  class space    used 8324K, committed 9088K, reserved 1048576K
}
Event: 7.149 GC heap after
{Heap after GC invocations=15 (full 0):
 garbage-first heap   total 93184K, used 45244K [0x0000000080000000, 0x0000000100000000)
  region size 1024K, 2 young (2048K), 2 survivors (2048K)
 Metaspace       used 58586K, committed 60224K, reserved 1114112K
  class space    used 8324K, committed 9088K, reserved 1048576K
}
Event: 7.212 GC heap before
{Heap before GC invocations=15 (full 0):
 garbage-first heap   total 93184K, used 48316K [0x0000000080000000, 0x0000000100000000)
  region size 1024K, 6 young (6144K), 2 survivors (2048K)
 Metaspace       used 59070K, committed 60736K, reserved 1114112K
  class space    used 8403K, committed 9216K, reserved 1048576K
}
Event: 7.215 GC heap after
{Heap after GC invocations=16 (full 0):
 garbage-first heap   total 93184K, used 45237K [0x0000000080000000, 0x0000000100000000)
  region size 1024K, 2 young (2048K), 2 survivors (2048K)
 Metaspace       used 59070K, committed 60736K, reserved 1114112K
  class space    used 8403K, committed 9216K, reserved 1048576K
}
Event: 8.514 GC heap before
{Heap before GC invocations=17 (full 0):
 garbage-first heap   total 93184K, used 82101K [0x0000000080000000, 0x0000000100000000)
  region size 1024K, 39 young (39936K), 2 survivors (2048K)
 Metaspace       used 66740K, committed 68416K, reserved 1114112K
  class space    used 9436K, committed 10240K, reserved 1048576K
}
Event: 8.519 GC heap after
{Heap after GC invocations=18 (full 0):
 garbage-first heap   total 112640K, used 48917K [0x0000000080000000, 0x0000000100000000)
  region size 1024K, 5 young (5120K), 5 survivors (5120K)
 Metaspace       used 66740K, committed 68416K, reserved 1114112K
  class space    used 9436K, committed 10240K, reserved 1048576K
}
Event: 9.306 GC heap before
{Heap before GC invocations=18 (full 0):
 garbage-first heap   total 112640K, used 99093K [0x0000000080000000, 0x0000000100000000)
  region size 1024K, 54 young (55296K), 5 survivors (5120K)
 Metaspace       used 73291K, committed 75136K, reserved 1114112K
  class space    used 10408K, committed 11264K, reserved 1048576K
}
Event: 9.312 GC heap after
{Heap after GC invocations=19 (full 0):
 garbage-first heap   total 112640K, used 51747K [0x0000000080000000, 0x0000000100000000)
  region size 1024K, 4 young (4096K), 4 survivors (4096K)
 Metaspace       used 73291K, committed 75136K, reserved 1114112K
  class space    used 10408K, committed 11264K, reserved 1048576K
}

